  Lab02.cpp
c:\users\asus\desktop\oaip\labs\lab02\lab02\lab02.cpp(62): error C2039: 'punct': is not a member of 'trip'
  c:\users\asus\desktop\oaip\labs\lab02\lab02\lab02.cpp(9): note: see declaration of 'trip'
c:\users\asus\desktop\oaip\labs\lab02\lab02\lab02.cpp(67): error C2039: 'punct': is not a member of 'trip'
  c:\users\asus\desktop\oaip\labs\lab02\lab02\lab02.cpp(9): note: see declaration of 'trip'
c:\users\asus\desktop\oaip\labs\lab02\lab02\lab02.cpp(70): error C2039: 'punct': is not a member of 'trip'
  c:\users\asus\desktop\oaip\labs\lab02\lab02\lab02.cpp(9): note: see declaration of 'trip'
c:\users\asus\desktop\oaip\labs\lab02\lab02\lab02.cpp(130): error C2039: 'number': is not a member of 'trip'
  c:\users\asus\desktop\oaip\labs\lab02\lab02\lab02.cpp(9): note: see declaration of 'trip'
c:\users\asus\desktop\oaip\labs\lab02\lab02\lab02.cpp(132): error C2039: 'number': is not a member of 'trip'
  c:\users\asus\desktop\oaip\labs\lab02\lab02\lab02.cpp(9): note: see declaration of 'trip'
c:\users\asus\desktop\oaip\labs\lab02\lab02\lab02.cpp(134): error C2039: 'punct': is not a member of 'trip'
  c:\users\asus\desktop\oaip\labs\lab02\lab02\lab02.cpp(9): note: see declaration of 'trip'
c:\users\asus\desktop\oaip\labs\lab02\lab02\lab02.cpp(136): error C2039: 'punct': is not a member of 'trip'
  c:\users\asus\desktop\oaip\labs\lab02\lab02\lab02.cpp(9): note: see declaration of 'trip'
c:\users\asus\desktop\oaip\labs\lab02\lab02\lab02.cpp(138): error C2039: 'type': is not a member of 'trip'
  c:\users\asus\desktop\oaip\labs\lab02\lab02\lab02.cpp(9): note: see declaration of 'trip'
c:\users\asus\desktop\oaip\labs\lab02\lab02\lab02.cpp(140): error C2039: 'type': is not a member of 'trip'
  c:\users\asus\desktop\oaip\labs\lab02\lab02\lab02.cpp(9): note: see declaration of 'trip'
c:\users\asus\desktop\oaip\labs\lab02\lab02\lab02.cpp(222): error C2039: 'number': is not a member of 'trip'
  c:\users\asus\desktop\oaip\labs\lab02\lab02\lab02.cpp(9): note: see declaration of 'trip'
c:\users\asus\desktop\oaip\labs\lab02\lab02\lab02.cpp(222): error C2039: 'type': is not a member of 'trip'
  c:\users\asus\desktop\oaip\labs\lab02\lab02\lab02.cpp(9): note: see declaration of 'trip'
c:\users\asus\desktop\oaip\labs\lab02\lab02\lab02.cpp(223): error C2039: 'punct': is not a member of 'trip'
  c:\users\asus\desktop\oaip\labs\lab02\lab02\lab02.cpp(9): note: see declaration of 'trip'
c:\users\asus\desktop\oaip\labs\lab02\lab02\lab02.cpp(255): error C2039: 'number': is not a member of 'trip'
  c:\users\asus\desktop\oaip\labs\lab02\lab02\lab02.cpp(9): note: see declaration of 'trip'
c:\users\asus\desktop\oaip\labs\lab02\lab02\lab02.cpp(255): error C2039: 'type': is not a member of 'trip'
  c:\users\asus\desktop\oaip\labs\lab02\lab02\lab02.cpp(9): note: see declaration of 'trip'
c:\users\asus\desktop\oaip\labs\lab02\lab02\lab02.cpp(256): error C2039: 'punct': is not a member of 'trip'
  c:\users\asus\desktop\oaip\labs\lab02\lab02\lab02.cpp(9): note: see declaration of 'trip'
